This file contains any messages produced by compilers while
running configure, to aid debugging if configure makes a mistake.

It was created by ghmm configure 0.9-rc3, which was
generated by GNU Autoconf 2.71.  Invocation command line was

  $ ./configure

## --------- ##
## Platform. ##
## --------- ##

hostname = grenada-CREF-XX
uname -m = x86_64
uname -r = 6.5.0-15-generic
uname -s = Linux
uname -v = #15~22.04.1-Ubuntu SMP PREEMPT_DYNAMIC Fri Jan 12 18:54:30 UTC 2

/usr/bin/uname -p = x86_64
/bin/uname -X     = unknown

/bin/arch              = x86_64
/usr/bin/arch -k       = unknown
/usr/convex/getsysinfo = unknown
/usr/bin/hostinfo      = unknown
/bin/machine           = unknown
/usr/bin/oslevel       = unknown
/bin/universe          = unknown

PATH: /home/grenada/apps/nvim/
PATH: /home/grenada/apps/nvim/
PATH: /home/grenada/miniconda3/bin/
PATH: /home/grenada/miniconda3/condabin/
PATH: /home/grenada/.cargo/bin/
PATH: /home/grenada/bin/
PATH: /usr/local/sbin/
PATH: /usr/local/bin/
PATH: /usr/sbin/
PATH: /usr/bin/
PATH: /sbin/
PATH: /bin/
PATH: /usr/games/
PATH: /usr/local/games/
PATH: /snap/bin/
PATH: /home/grenada/.dotnet/tools/
PATH: /home/grenada/.fzf/bin/


## ----------- ##
## Core tests. ##
## ----------- ##

configure:2495: looking for aux files: config.guess config.sub ltmain.sh compile missing install-sh
configure:2508:  trying ./
configure:2537:   ./config.guess found
configure:2537:   ./config.sub found
configure:2537:   ./ltmain.sh found
configure:2537:   ./compile found
configure:2537:   ./missing found
configure:2519:   ./install-sh found
configure:2672: checking for a BSD-compatible install
configure:2745: result: /usr/bin/install -c
configure:2756: checking whether build environment is sane
configure:2811: result: yes
configure:2970: checking for a race-free mkdir -p
configure:3014: result: /usr/bin/mkdir -p
configure:3021: checking for gawk
configure:3042: found /usr/bin/gawk
configure:3053: result: gawk
configure:3064: checking whether make sets $(MAKE)
configure:3087: result: yes
configure:3117: checking whether make supports nested variables
configure:3135: result: yes
configure:3273: checking for CFLAGS
configure:3281: result: -O2
configure:3350: checking for gcc
configure:3371: found /usr/bin/gcc
configure:3382: result: gcc
configure:3735: checking for C compiler version
configure:3744: gcc --version >&5
gcc (Ubuntu 11.4.0-1ubuntu1~22.04) 11.4.0
Copyright (C) 2021 Free Software Foundation, Inc.
This is free software; see the source for copying conditions.  There is NO
warranty; not even for MERCHANTABILITY or FITNESS FOR A PARTICULAR PURPOSE.

configure:3755: $? = 0
configure:3744: gcc -v >&5
Using built-in specs.
COLLECT_GCC=gcc
COLLECT_LTO_WRAPPER=/usr/lib/gcc/x86_64-linux-gnu/11/lto-wrapper
OFFLOAD_TARGET_NAMES=nvptx-none:amdgcn-amdhsa
OFFLOAD_TARGET_DEFAULT=1
Target: x86_64-linux-gnu
Configured with: ../src/configure -v --with-pkgversion='Ubuntu 11.4.0-1ubuntu1~22.04' --with-bugurl=file:///usr/share/doc/gcc-11/README.Bugs --enable-languages=c,ada,c++,go,brig,d,fortran,objc,obj-c++,m2 --prefix=/usr --with-gcc-major-version-only --program-suffix=-11 --program-prefix=x86_64-linux-gnu- --enable-shared --enable-linker-build-id --libexecdir=/usr/lib --without-included-gettext --enable-threads=posix --libdir=/usr/lib --enable-nls --enable-bootstrap --enable-clocale=gnu --enable-libstdcxx-debug --enable-libstdcxx-time=yes --with-default-libstdcxx-abi=new --enable-gnu-unique-object --disable-vtable-verify --enable-plugin --enable-default-pie --with-system-zlib --enable-libphobos-checking=release --with-target-system-zlib=auto --enable-objc-gc=auto --enable-multiarch --disable-werror --enable-cet --with-arch-32=i686 --with-abi=m64 --with-multilib-list=m32,m64,mx32 --enable-multilib --with-tune=generic --enable-offload-targets=nvptx-none=/build/gcc-11-XeT9lY/gcc-11-11.4.0/debian/tmp-nvptx/usr,amdgcn-amdhsa=/build/gcc-11-XeT9lY/gcc-11-11.4.0/debian/tmp-gcn/usr --without-cuda-driver --enable-checking=release --build=x86_64-linux-gnu --host=x86_64-linux-gnu --target=x86_64-linux-gnu --with-build-config=bootstrap-lto-lean --enable-link-serialization=2
Thread model: posix
Supported LTO compression algorithms: zlib zstd
gcc version 11.4.0 (Ubuntu 11.4.0-1ubuntu1~22.04) 
... rest of stderr output deleted ...
configure:3755: $? = 0
configure:3744: gcc -V >&5
gcc: error: unrecognized command-line option '-V'
gcc: fatal error: no input files
compilation terminated.
configure:3755: $? = 1
configure:3744: gcc -qversion >&5
gcc: error: unrecognized command-line option '-qversion'; did you mean '--version'?
gcc: fatal error: no input files
compilation terminated.
configure:3755: $? = 1
configure:3744: gcc -version >&5
gcc: error: unrecognized command-line option '-version'
gcc: fatal error: no input files
compilation terminated.
configure:3755: $? = 1
configure:3775: checking whether the C compiler works
configure:3797: gcc -O2   conftest.c  >&5
configure:3801: $? = 0
configure:3851: result: yes
configure:3854: checking for C compiler default output file name
configure:3856: result: a.out
configure:3862: checking for suffix of executables
configure:3869: gcc -o conftest -O2   conftest.c  >&5
configure:3873: $? = 0
configure:3896: result: 
configure:3918: checking whether we are cross compiling
configure:3926: gcc -o conftest -O2   conftest.c  >&5
configure:3930: $? = 0
configure:3937: ./conftest
configure:3941: $? = 0
configure:3956: result: no
configure:3961: checking for suffix of object files
configure:3984: gcc -c -O2  conftest.c >&5
configure:3988: $? = 0
configure:4010: result: o
configure:4014: checking whether the compiler supports GNU C
configure:4034: gcc -c -O2  conftest.c >&5
configure:4034: $? = 0
configure:4044: result: yes
configure:4055: checking whether gcc accepts -g
configure:4076: gcc -c -g  conftest.c >&5
configure:4076: $? = 0
configure:4120: result: yes
configure:4140: checking for gcc option to enable C11 features
configure:4155: gcc  -c -O2  conftest.c >&5
configure:4155: $? = 0
configure:4173: result: none needed
configure:4289: checking whether gcc understands -c and -o together
configure:4312: gcc -c conftest.c -o conftest2.o
configure:4315: $? = 0
configure:4312: gcc -c conftest.c -o conftest2.o
configure:4315: $? = 0
configure:4327: result: yes
configure:4347: checking whether make supports the include directive
configure:4362: make -f confmf.GNU && cat confinc.out
this is the am__doit target
configure:4365: $? = 0
configure:4384: result: yes (GNU style)
configure:4410: checking dependency style of gcc
configure:4522: result: gcc3
configure:4569: checking build system type
configure:4584: result: x86_64-pc-linux-gnu
configure:4604: checking host system type
configure:4618: result: x86_64-pc-linux-gnu
configure:4659: checking how to print strings
configure:4686: result: printf
configure:4707: checking for a sed that does not truncate output
configure:4777: result: /usr/bin/sed
configure:4795: checking for grep that handles long lines and -e
configure:4859: result: /usr/bin/grep
configure:4864: checking for egrep
configure:4932: result: /usr/bin/grep -E
configure:4937: checking for fgrep
configure:5005: result: /usr/bin/grep -F
configure:5041: checking for ld used by gcc
configure:5109: result: /usr/bin/ld
configure:5116: checking if the linker (/usr/bin/ld) is GNU ld
configure:5132: result: yes
configure:5144: checking for BSD- or MS-compatible name lister (nm)
configure:5199: result: /usr/bin/nm -B
configure:5339: checking the name lister (/usr/bin/nm -B) interface
configure:5347: gcc -c -O2  conftest.c >&5
configure:5350: /usr/bin/nm -B "conftest.o"
configure:5353: output
0000000000000000 B some_variable
configure:5360: result: BSD nm
configure:5363: checking whether ln -s works
configure:5367: result: yes
configure:5375: checking the maximum length of command line arguments
configure:5507: result: 1572864
configure:5555: checking how to convert x86_64-pc-linux-gnu file names to x86_64-pc-linux-gnu format
configure:5596: result: func_convert_file_noop
configure:5603: checking how to convert x86_64-pc-linux-gnu file names to toolchain format
configure:5624: result: func_convert_file_noop
configure:5631: checking for /usr/bin/ld option to reload object files
configure:5639: result: -r
configure:5718: checking for objdump
configure:5739: found /usr/bin/objdump
configure:5750: result: objdump
configure:5782: checking how to recognize dependent libraries
configure:5983: result: pass_all
configure:6073: checking for dlltool
configure:6108: result: no
configure:6138: checking how to associate runtime and link libraries
configure:6166: result: printf %s\n
configure:6232: checking for ar
configure:6253: found /usr/bin/ar
configure:6264: result: ar
configure:6301: checking for archiver @FILE support
configure:6319: gcc -c -O2  conftest.c >&5
configure:6319: $? = 0
configure:6323: ar cr libconftest.a @conftest.lst >&5
configure:6326: $? = 0
configure:6331: ar cr libconftest.a @conftest.lst >&5
ar: conftest.o: No such file or directory
configure:6334: $? = 1
configure:6346: result: @
configure:6409: checking for strip
configure:6430: found /usr/bin/strip
configure:6441: result: strip
configure:6518: checking for ranlib
configure:6539: found /usr/bin/ranlib
configure:6550: result: ranlib
configure:6652: checking command to parse /usr/bin/nm -B output from gcc object
configure:6806: gcc -c -O2  conftest.c >&5
configure:6809: $? = 0
configure:6813: /usr/bin/nm -B conftest.o | sed -n -e 's/^.*[	 ]\([ABCDGIRSTW][ABCDGIRSTW]*\)[	 ][	 ]*\([_A-Za-z][_A-Za-z0-9]*\)$/\1 \2 \2/p' | sed '/ __gnu_lto/d' > conftest.nm
configure:6879: gcc -o conftest -O2   conftest.c conftstm.o >&5
configure:6882: $? = 0
configure:6920: result: ok
configure:6967: checking for sysroot
configure:6998: result: no
configure:7005: checking for a working dd
configure:7049: result: /usr/bin/dd
configure:7053: checking how to truncate binary pipes
configure:7069: result: /usr/bin/dd bs=4096 count=1
configure:7206: gcc -c -O2  conftest.c >&5
configure:7209: $? = 0
configure:7406: checking for mt
configure:7427: found /usr/bin/mt
configure:7438: result: mt
configure:7461: checking if mt is a manifest tool
configure:7468: mt '-?'
configure:7476: result: no
configure:8206: checking for stdio.h
configure:8206: gcc -c -O2  conftest.c >&5
configure:8206: $? = 0
configure:8206: result: yes
configure:8206: checking for stdlib.h
configure:8206: gcc -c -O2  conftest.c >&5
configure:8206: $? = 0
configure:8206: result: yes
configure:8206: checking for string.h
configure:8206: gcc -c -O2  conftest.c >&5
configure:8206: $? = 0
configure:8206: result: yes
configure:8206: checking for inttypes.h
configure:8206: gcc -c -O2  conftest.c >&5
configure:8206: $? = 0
configure:8206: result: yes
configure:8206: checking for stdint.h
configure:8206: gcc -c -O2  conftest.c >&5
configure:8206: $? = 0
configure:8206: result: yes
configure:8206: checking for strings.h
configure:8206: gcc -c -O2  conftest.c >&5
configure:8206: $? = 0
configure:8206: result: yes
configure:8206: checking for sys/stat.h
configure:8206: gcc -c -O2  conftest.c >&5
configure:8206: $? = 0
configure:8206: result: yes
configure:8206: checking for sys/types.h
configure:8206: gcc -c -O2  conftest.c >&5
configure:8206: $? = 0
configure:8206: result: yes
configure:8206: checking for unistd.h
configure:8206: gcc -c -O2  conftest.c >&5
configure:8206: $? = 0
configure:8206: result: yes
configure:8206: checking for sys/time.h
configure:8206: gcc -c -O2  conftest.c >&5
configure:8206: $? = 0
configure:8206: result: yes
configure:8231: checking for dlfcn.h
configure:8231: gcc -c -O2  conftest.c >&5
configure:8231: $? = 0
configure:8231: result: yes
configure:8490: checking for objdir
configure:8506: result: .libs
configure:8766: checking if gcc supports -fno-rtti -fno-exceptions
configure:8785: gcc -c -O2  -fno-rtti -fno-exceptions conftest.c >&5
cc1: warning: command-line option '-fno-rtti' is valid for C++/D/ObjC++ but not for C
configure:8789: $? = 0
configure:8802: result: no
configure:9166: checking for gcc option to produce PIC
configure:9174: result: -fPIC -DPIC
configure:9182: checking if gcc PIC flag -fPIC -DPIC works
configure:9201: gcc -c -O2  -fPIC -DPIC -DPIC conftest.c >&5
configure:9205: $? = 0
configure:9218: result: yes
configure:9247: checking if gcc static flag -static works
configure:9276: result: yes
configure:9291: checking if gcc supports -c -o file.o
configure:9313: gcc -c -O2  -o out/conftest2.o conftest.c >&5
configure:9317: $? = 0
configure:9339: result: yes
configure:9347: checking if gcc supports -c -o file.o
configure:9395: result: yes
configure:9428: checking whether the gcc linker (/usr/bin/ld -m elf_x86_64) supports shared libraries
configure:10698: result: yes
configure:10735: checking whether -lc should be explicitly linked in
configure:10744: gcc -c -O2  conftest.c >&5
configure:10747: $? = 0
configure:10762: gcc -shared  -fPIC -DPIC conftest.o  -v -Wl,-soname -Wl,conftest -o conftest 2\>\&1 \| /usr/bin/grep  -lc  \>/dev/null 2\>\&1
configure:10765: $? = 0
configure:10779: result: no
configure:10939: checking dynamic linker characteristics
configure:11521: gcc -o conftest -O2   -Wl,-rpath -Wl,/foo conftest.c  >&5
configure:11521: $? = 0
configure:11772: result: GNU/Linux ld.so
configure:11894: checking how to hardcode library paths into programs
configure:11919: result: immediate
configure:12471: checking whether stripping libraries is possible
configure:12476: result: yes
configure:12511: checking if libtool supports shared libraries
configure:12513: result: yes
configure:12516: checking whether to build shared libraries
configure:12541: result: yes
configure:12544: checking whether to build static libraries
configure:12548: result: yes
configure:12589: checking for gawk
configure:12621: result: gawk
configure:12634: checking for doxygen
configure:12672: result: no
configure:12679: checking for rm
configure:12702: found /usr/bin/rm
configure:12714: result: /usr/bin/rm
configure:12724: checking for pkg-config
configure:12747: found /usr/bin/pkg-config
configure:12759: result: /usr/bin/pkg-config
configure:12770: checking for expect
configure:12808: result: no
configure:12815: checking for runtest
configure:12853: result: no
configure:12876: obsolete features disabled
configure:12893: unsupported features disabled
configure:12906: checking for pthread_join in -lpthread
configure:12929: gcc -o conftest -O2   conftest.c -lpthread   >&5
configure:12929: $? = 0
configure:12939: result: yes
configure:12953: checking for egrep
configure:13021: result: /usr/bin/grep -E
configure:13028: checking for an ANSI C-conforming const
configure:13095: gcc -c -O2  conftest.c >&5
configure:13095: $? = 0
configure:13103: result: yes
configure:13111: checking for size_t
configure:13111: gcc -c -O2  conftest.c >&5
configure:13111: $? = 0
configure:13111: gcc -c -O2  conftest.c >&5
conftest.c: In function 'main':
conftest.c:56:21: error: expected expression before ')' token
   56 | if (sizeof ((size_t)))
      |                     ^
configure:13111: $? = 1
configure: failed program was:
| /* confdefs.h */
| #define PACKAGE_NAME "ghmm"
| #define PACKAGE_TARNAME "ghmm"
| #define PACKAGE_VERSION "0.9-rc3"
| #define PACKAGE_STRING "ghmm 0.9-rc3"
| #define PACKAGE_BUGREPORT ""
| #define PACKAGE_URL ""
| #define PACKAGE "ghmm"
| #define VERSION "0.9-rc3"
| #define HAVE_STDIO_H 1
| #define HAVE_STDLIB_H 1
| #define HAVE_STRING_H 1
| #define HAVE_INTTYPES_H 1
| #define HAVE_STDINT_H 1
| #define HAVE_STRINGS_H 1
| #define HAVE_SYS_STAT_H 1
| #define HAVE_SYS_TYPES_H 1
| #define HAVE_UNISTD_H 1
| #define HAVE_SYS_TIME_H 1
| #define STDC_HEADERS 1
| #define HAVE_DLFCN_H 1
| #define LT_OBJDIR ".libs/"
| #define HAVE_LIBPTHREAD 1
| /* end confdefs.h.  */
| #include <stddef.h>
| #ifdef HAVE_STDIO_H
| # include <stdio.h>
| #endif
| #ifdef HAVE_STDLIB_H
| # include <stdlib.h>
| #endif
| #ifdef HAVE_STRING_H
| # include <string.h>
| #endif
| #ifdef HAVE_INTTYPES_H
| # include <inttypes.h>
| #endif
| #ifdef HAVE_STDINT_H
| # include <stdint.h>
| #endif
| #ifdef HAVE_STRINGS_H
| # include <strings.h>
| #endif
| #ifdef HAVE_SYS_TYPES_H
| # include <sys/types.h>
| #endif
| #ifdef HAVE_SYS_STAT_H
| # include <sys/stat.h>
| #endif
| #ifdef HAVE_UNISTD_H
| # include <unistd.h>
| #endif
| int
| main (void)
| {
| if (sizeof ((size_t)))
| 	    return 0;
|   ;
|   return 0;
| }
configure:13111: result: yes
configure:13132: checking whether struct tm is in sys/time.h or time.h
configure:13153: gcc -c -O2  conftest.c >&5
configure:13153: $? = 0
configure:13161: result: time.h
configure:13170: checking for sqrt in -lm
configure:13193: gcc -o conftest -O2   conftest.c -lm  -lpthread  >&5
conftest.c:30:6: warning: conflicting types for built-in function 'sqrt'; expected 'double(double)' [-Wbuiltin-declaration-mismatch]
   30 | char sqrt ();
      |      ^~~~
conftest.c:1:1: note: 'sqrt' is declared in header '<math.h>'
    1 | /* confdefs.h */
configure:13193: $? = 0
configure:13203: result: yes
configure:13213: checking for exp in -lm
configure:13236: gcc -o conftest -O2   conftest.c -lm  -lm -lpthread  >&5
conftest.c:31:6: warning: conflicting types for built-in function 'exp'; expected 'double(double)' [-Wbuiltin-declaration-mismatch]
   31 | char exp ();
      |      ^~~
conftest.c:1:1: note: 'exp' is declared in header '<math.h>'
    1 | /* confdefs.h */
configure:13236: $? = 0
configure:13246: result: yes
configure:13256: checking for pow in -lm
configure:13279: gcc -o conftest -O2   conftest.c -lm  -lm -lm -lpthread  >&5
conftest.c:32:6: warning: conflicting types for built-in function 'pow'; expected 'double(double,  double)' [-Wbuiltin-declaration-mismatch]
   32 | char pow ();
      |      ^~~
conftest.c:1:1: note: 'pow' is declared in header '<math.h>'
    1 | /* confdefs.h */
configure:13279: $? = 0
configure:13289: result: yes
configure:13682: "not using gsl"
configure:13684: checking for cos in -lm
configure:13707: gcc -o conftest -O2   conftest.c -lm  -lm -lm -lm -lpthread  >&5
conftest.c:33:6: warning: conflicting types for built-in function 'cos'; expected 'double(double)' [-Wbuiltin-declaration-mismatch]
   33 | char cos ();
      |      ^~~
conftest.c:1:1: note: 'cos' is declared in header '<math.h>'
    1 | /* confdefs.h */
configure:13707: $? = 0
configure:13717: result: yes
configure:13744: "not using diagonal covariance matrix hack"
configure:13875: "not using lapack"
configure:13964: using internal Mersenne-Twister random number generator
configure:14048: checking for python
configure:14071: found /home/grenada/miniconda3/bin/python
configure:14083: result: /home/grenada/miniconda3/bin/python
configure:14210: checking that generated files are newer than configure
configure:14216: result: done
configure:14239: creating ./config.status

## ---------------------- ##
## Running config.status. ##
## ---------------------- ##

This file was extended by ghmm config.status 0.9-rc3, which was
generated by GNU Autoconf 2.71.  Invocation command line was

  CONFIG_FILES    = 
  CONFIG_HEADERS  = 
  CONFIG_LINKS    = 
  CONFIG_COMMANDS = 
  $ ./config.status 

on grenada-CREF-XX

config.status:1111: creating Makefile
config.status:1111: creating ghmm/Makefile
config.status:1111: creating ghmm/ghmmconfig.h
config.status:1111: creating tools/Makefile
config.status:1111: creating tests/Makefile
config.status:1111: creating tests/data/Makefile
config.status:1111: creating tools/ghmm-config
config.status:1111: creating ghmmwrapper/Makefile
config.status:1111: creating HMMEd/Makefile
config.status:1111: creating config.h
config.status:1340: executing depfiles commands
config.status:1417: cd ghmm       && sed -e '/# am--include-marker/d' Makefile         | make -f - am--depfiles
config.status:1422: $? = 0
config.status:1417: cd tools       && sed -e '/# am--include-marker/d' Makefile         | make -f - am--depfiles
config.status:1422: $? = 0
config.status:1417: cd tests       && sed -e '/# am--include-marker/d' Makefile         | make -f - am--depfiles
config.status:1422: $? = 0
config.status:1340: executing libtool commands

## ---------------- ##
## Cache variables. ##
## ---------------- ##

ac_cv_build=x86_64-pc-linux-gnu
ac_cv_c_compiler_gnu=yes
ac_cv_c_const=yes
ac_cv_cflags=-O2
ac_cv_env_CC_set=
ac_cv_env_CC_value=
ac_cv_env_CFLAGS_set=
ac_cv_env_CFLAGS_value=
ac_cv_env_CPPFLAGS_set=
ac_cv_env_CPPFLAGS_value=
ac_cv_env_LDFLAGS_set=
ac_cv_env_LDFLAGS_value=
ac_cv_env_LIBS_set=
ac_cv_env_LIBS_value=
ac_cv_env_LT_SYS_LIBRARY_PATH_set=
ac_cv_env_LT_SYS_LIBRARY_PATH_value=
ac_cv_env_build_alias_set=
ac_cv_env_build_alias_value=
ac_cv_env_host_alias_set=
ac_cv_env_host_alias_value=
ac_cv_env_target_alias_set=
ac_cv_env_target_alias_value=
ac_cv_header_dlfcn_h=yes
ac_cv_header_inttypes_h=yes
ac_cv_header_stdint_h=yes
ac_cv_header_stdio_h=yes
ac_cv_header_stdlib_h=yes
ac_cv_header_string_h=yes
ac_cv_header_strings_h=yes
ac_cv_header_sys_stat_h=yes
ac_cv_header_sys_time_h=yes
ac_cv_header_sys_types_h=yes
ac_cv_header_unistd_h=yes
ac_cv_host=x86_64-pc-linux-gnu
ac_cv_lib_m_cos=yes
ac_cv_lib_m_exp=yes
ac_cv_lib_m_pow=yes
ac_cv_lib_m_sqrt=yes
ac_cv_lib_pthread_pthread_join=yes
ac_cv_objext=o
ac_cv_path_EGREP='/usr/bin/grep -E'
ac_cv_path_FGREP='/usr/bin/grep -F'
ac_cv_path_GREP=/usr/bin/grep
ac_cv_path_PKGCONFIG=/usr/bin/pkg-config
ac_cv_path_PYTHON=/home/grenada/miniconda3/bin/python
ac_cv_path_RM=/usr/bin/rm
ac_cv_path_SED=/usr/bin/sed
ac_cv_path_install='/usr/bin/install -c'
ac_cv_path_lt_DD=/usr/bin/dd
ac_cv_path_mkdir=/usr/bin/mkdir
ac_cv_prog_AWK=gawk
ac_cv_prog_ac_ct_AR=ar
ac_cv_prog_ac_ct_CC=gcc
ac_cv_prog_ac_ct_MANIFEST_TOOL=mt
ac_cv_prog_ac_ct_OBJDUMP=objdump
ac_cv_prog_ac_ct_RANLIB=ranlib
ac_cv_prog_ac_ct_STRIP=strip
ac_cv_prog_cc_c11=
ac_cv_prog_cc_g=yes
ac_cv_prog_cc_stdc=
ac_cv_prog_make_make_set=yes
ac_cv_struct_tm=time.h
ac_cv_type_size_t=yes
am_cv_CC_dependencies_compiler_type=gcc3
am_cv_make_support_nested_variables=yes
am_cv_prog_cc_c_o=yes
lt_cv_ar_at_file=@
lt_cv_archive_cmds_need_lc=no
lt_cv_deplibs_check_method=pass_all
lt_cv_file_magic_cmd='$MAGIC_CMD'
lt_cv_file_magic_test_file=
lt_cv_ld_reload_flag=-r
lt_cv_nm_interface='BSD nm'
lt_cv_objdir=.libs
lt_cv_path_LD=/usr/bin/ld
lt_cv_path_NM='/usr/bin/nm -B'
lt_cv_path_mainfest_tool=no
lt_cv_prog_compiler_c_o=yes
lt_cv_prog_compiler_pic='-fPIC -DPIC'
lt_cv_prog_compiler_pic_works=yes
lt_cv_prog_compiler_rtti_exceptions=no
lt_cv_prog_compiler_static_works=yes
lt_cv_prog_gnu_ld=yes
lt_cv_sharedlib_from_linklib_cmd='printf %s\n'
lt_cv_shlibpath_overrides_runpath=yes
lt_cv_sys_global_symbol_pipe='sed -n -e '\''s/^.*[	 ]\([ABCDGIRSTW][ABCDGIRSTW]*\)[	 ][	 ]*\([_A-Za-z][_A-Za-z0-9]*\)$/\1 \2 \2/p'\'' | sed '\''/ __gnu_lto/d'\'''
lt_cv_sys_global_symbol_to_c_name_address='sed -n -e '\''s/^: \(.*\) .*$/  {"\1", (void *) 0},/p'\'' -e '\''s/^[ABCDGIRSTW][ABCDGIRSTW]* .* \(.*\)$/  {"\1", (void *) \&\1},/p'\'''
lt_cv_sys_global_symbol_to_c_name_address_lib_prefix='sed -n -e '\''s/^: \(.*\) .*$/  {"\1", (void *) 0},/p'\'' -e '\''s/^[ABCDGIRSTW][ABCDGIRSTW]* .* \(lib.*\)$/  {"\1", (void *) \&\1},/p'\'' -e '\''s/^[ABCDGIRSTW][ABCDGIRSTW]* .* \(.*\)$/  {"lib\1", (void *) \&\1},/p'\'''
lt_cv_sys_global_symbol_to_cdecl='sed -n -e '\''s/^T .* \(.*\)$/extern int \1();/p'\'' -e '\''s/^[ABCDGIRSTW][ABCDGIRSTW]* .* \(.*\)$/extern char \1;/p'\'''
lt_cv_sys_global_symbol_to_import=
lt_cv_sys_max_cmd_len=1572864
lt_cv_to_host_file_cmd=func_convert_file_noop
lt_cv_to_tool_file_cmd=func_convert_file_noop
lt_cv_truncate_bin='/usr/bin/dd bs=4096 count=1'

## ----------------- ##
## Output variables. ##
## ----------------- ##

ACLOCAL='${SHELL} '\''/media/grenada/Data/work/ghmm/missing'\'' aclocal-1.16'
AMDEPBACKSLASH='\'
AMDEP_FALSE='#'
AMDEP_TRUE=''
AMTAR='$${TAR-tar}'
AM_BACKSLASH='\'
AM_DEFAULT_V='$(AM_DEFAULT_VERBOSITY)'
AM_DEFAULT_VERBOSITY='1'
AM_V='$(V)'
AR='ar'
AUTOCONF='${SHELL} '\''/media/grenada/Data/work/ghmm/missing'\'' autoconf'
AUTOHEADER='${SHELL} '\''/media/grenada/Data/work/ghmm/missing'\'' autoheader'
AUTOMAKE='${SHELL} '\''/media/grenada/Data/work/ghmm/missing'\'' automake-1.16'
AWK='gawk'
CC='gcc'
CCDEPMODE='depmode=gcc3'
CFLAGS='-O2 -I/usr/include/libxml2'
CPPFLAGS=''
CSCOPE='cscope'
CTAGS='ctags'
CYGPATH_W='echo'
DEFS='-DHAVE_CONFIG_H'
DEPDIR='.deps'
DLLTOOL='false'
DOXYGEN=''
DSYMUTIL=''
DUMPBIN=''
ECHO_C=''
ECHO_N='-n'
ECHO_T=''
EGREP='/usr/bin/grep -E'
ETAGS='etags'
EXEEXT=''
EXPECT_FOR_DEJAGNU=''
FGREP='/usr/bin/grep -F'
GHMM_OBSOLETE='0'
GHMM_RNG_BSD='0'
GHMM_RNG_GSL='0'
GHMM_RNG_MERSENNE_TWISTER='1'
GHMM_UNSUPPORTED='0'
GREP='/usr/bin/grep'
GSL_CFLAGS=''
GSL_CONFIG=''
GSL_LIBS=''
INSTALL_DATA='${INSTALL} -m 644'
INSTALL_PROGRAM='${INSTALL}'
INSTALL_SCRIPT='${INSTALL}'
INSTALL_STRIP_PROGRAM='$(install_sh) -c -s'
LD='/usr/bin/ld -m elf_x86_64'
LDFLAGS=''
LIBOBJS=''
LIBS='-lm -lm -lm -lm -lpthread  -lxml2'
LIBTOOL='$(SHELL) $(top_builddir)/libtool'
LIPO=''
LN_S='ln -s'
LTLIBOBJS=''
LT_SYS_LIBRARY_PATH=''
MAKEINFO='${SHELL} '\''/media/grenada/Data/work/ghmm/missing'\'' makeinfo'
MANIFEST_TOOL=':'
MKDIR_P='/usr/bin/mkdir -p'
NM='/usr/bin/nm -B'
NMEDIT=''
OBJDUMP='objdump'
OBJEXT='o'
OBSOLETE_TOOLS=''
OTOOL64=''
OTOOL=''
PACKAGE='ghmm'
PACKAGE_BUGREPORT=''
PACKAGE_NAME='ghmm'
PACKAGE_STRING='ghmm 0.9-rc3'
PACKAGE_TARNAME='ghmm'
PACKAGE_URL=''
PACKAGE_VERSION='0.9-rc3'
PATH_SEPARATOR=':'
PKGCONFIG='/usr/bin/pkg-config'
PYTHON='/home/grenada/miniconda3/bin/python'
PYTHONVER='3.1'
RANLIB='ranlib'
RM='/usr/bin/rm'
RUNTEST_FOR_DEJAGNU=''
SED='/usr/bin/sed'
SET_MAKE=''
SHELL='/bin/bash'
STRIP='strip'
SUBDIRS='ghmm tools tests ghmmwrapper HMMEd'
VERSION='0.9-rc3'
ac_ct_AR='ar'
ac_ct_CC='gcc'
ac_ct_DUMPBIN=''
am__EXEEXT_FALSE=''
am__EXEEXT_TRUE='#'
am__fastdepCC_FALSE='#'
am__fastdepCC_TRUE=''
am__include='include'
am__isrc=''
am__leading_dot='.'
am__nodep='_no'
am__quote=''
am__tar='$${TAR-tar} chof - "$$tardir"'
am__untar='$${TAR-tar} xf -'
bindir='${exec_prefix}/bin'
build='x86_64-pc-linux-gnu'
build_alias=''
build_cpu='x86_64'
build_os='linux-gnu'
build_vendor='pc'
datadir='${datarootdir}'
datarootdir='${prefix}/share'
docdir='${datarootdir}/doc/${PACKAGE_TARNAME}'
dvidir='${docdir}'
exec_prefix='${prefix}'
host='x86_64-pc-linux-gnu'
host_alias=''
host_cpu='x86_64'
host_os='linux-gnu'
host_vendor='pc'
htmldir='${docdir}'
includedir='${prefix}/include'
infodir='${datarootdir}/info'
install_sh='${SHELL} /media/grenada/Data/work/ghmm/install-sh'
libdir='${exec_prefix}/lib'
libexecdir='${exec_prefix}/libexec'
localedir='${datarootdir}/locale'
localstatedir='${prefix}/var'
mandir='${datarootdir}/man'
mkdir_p='$(MKDIR_P)'
oldincludedir='/usr/include'
pdfdir='${docdir}'
prefix='/usr/local'
program_transform_name='s,x,x,'
psdir='${docdir}'
runstatedir='${localstatedir}/run'
sbindir='${exec_prefix}/sbin'
sharedstatedir='${prefix}/com'
sysconfdir='${prefix}/etc'
target_alias=''

## ----------- ##
## confdefs.h. ##
## ----------- ##

/* confdefs.h */
#define PACKAGE_NAME "ghmm"
#define PACKAGE_TARNAME "ghmm"
#define PACKAGE_VERSION "0.9-rc3"
#define PACKAGE_STRING "ghmm 0.9-rc3"
#define PACKAGE_BUGREPORT ""
#define PACKAGE_URL ""
#define PACKAGE "ghmm"
#define VERSION "0.9-rc3"
#define HAVE_STDIO_H 1
#define HAVE_STDLIB_H 1
#define HAVE_STRING_H 1
#define HAVE_INTTYPES_H 1
#define HAVE_STDINT_H 1
#define HAVE_STRINGS_H 1
#define HAVE_SYS_STAT_H 1
#define HAVE_SYS_TYPES_H 1
#define HAVE_UNISTD_H 1
#define HAVE_SYS_TIME_H 1
#define STDC_HEADERS 1
#define HAVE_DLFCN_H 1
#define LT_OBJDIR ".libs/"
#define HAVE_LIBPTHREAD 1
#define TIME_WITH_SYS_TIME 1
#define HAVE_LIBM 1
#define HAVE_LIBM 1
#define HAVE_LIBM 1
#define HAVE_LIBM 1

configure: exit 0
